1682147813211	geckodriver	INFO	Listening on 127.0.0.1:39437
1682147813687	mozrunner::runner	INFO	Running command: "/usr/bin/firefox" "--marionette" "--headless" "--no-sandbox" "--disable-dev-shm-usage" "--remote-debugging-port" "36439" "-no-remote" "-profile" "/tmp/rust_mozprofileGnHfvu"
*** You are running in headless mode.
1682147816999	Marionette	INFO	Listening on port 45863
1682147817066	Marionette	WARN	TLS certificate errors will be ignored for this session
JavaScript error: https://unsplash.com/s/photos/jeep, line 93: ReferenceError: globalThis is not defined
JavaScript error: https://unsplash.com/a/en-US/3125.9880d29344be713cc39b.js, line 1: ReferenceError: globalThis is not defined
JavaScript error: https://unsplash.com/a/en-US/6393.dc179a093efd49bcf901.js, line 1: ReferenceError: globalThis is not defined
JavaScript error: https://unsplash.com/a/en-US/655.af022049d22bb7f923e1.js, line 1: SyntaxError: expected expression, got '.'
JavaScript error: https://unsplash.com/a/en-US/app-nav-main-content.cef3f6419e83fd44c61f.js, line 1: ReferenceError: globalThis is not defined
JavaScript error: https://unsplash.com/a/en-US/9814.6f17438028305219ba41.js, line 1: ReferenceError: globalThis is not defined
JavaScript error: https://unsplash.com/a/en-US/nav-tail-menus.ac12320bfacd568a102c.js, line 1: ReferenceError: globalThis is not defined
JavaScript error: https://unsplash.com/a/en-US/9803.badfc6540910d7ae31d9.js, line 1: ReferenceError: globalThis is not defined
JavaScript error: https://unsplash.com/a/en-US/702.4c6f83a714a30c9d7f13.js, line 1: ReferenceError: globalThis is not defined
JavaScript error: https://unsplash.com/a/en-US/4481.cc096118272f726d9d19.js, line 1: ReferenceError: globalThis is not defined
JavaScript error: https://unsplash.com/a/en-US/search-route.94662e92fe84f20d29bb.js, line 1: ReferenceError: globalThis is not defined
JavaScript error: https://unsplash.com/a/en-US/5360.e52b2d49873d68b2fd9c.js, line 1: SyntaxError: expected expression, got '?'
JavaScript error: https://unsplash.com/a/en-US/2723.50319c97da8940b36512.js, line 1: ReferenceError: globalThis is not defined
JavaScript error: https://unsplash.com/a/en-US/7159.9aafc468e677cb73326c.js, line 1: SyntaxError: expected expression, got '.'
JavaScript error: https://unsplash.com/a/en-US/8842.f2c15767ca2d0ee15da5.js, line 1: ReferenceError: globalThis is not defined
JavaScript error: https://unsplash.com/a/en-US/3366.79d3ee40cb2b62a94083.js, line 1: SyntaxError: expected expression, got '?'
JavaScript error: https://unsplash.com/a/en-US/6469.adefa28ee9ff532c00f5.js, line 1: SyntaxError: expected expression, got '?'
JavaScript error: https://unsplash.com/a/en-US/6766.c980e65e40a5ba2c6017.js, line 1: ReferenceError: globalThis is not defined
JavaScript error: https://unsplash.com/a/en-US/3655.95ac1a55dc68d8e94b8b.js, line 1: ReferenceError: globalThis is not defined
JavaScript error: https://unsplash.com/a/en-US/1481.e770dfd71c07654cc15f.js, line 1: ReferenceError: globalThis is not defined
JavaScript error: https://unsplash.com/a/en-US/search-photos-route.7eaedaef8ae2ac16cec2.js, line 1: ReferenceError: globalThis is not defined
JavaScript error: https://unsplash.com/a/en-US/framework.1544673a046922f6ad4c.js, line 2: ReferenceError: globalThis is not defined
JavaScript error: https://unsplash.com/a/en-US/4459.8ebe65ed43702694c3b3.js, line 2: SyntaxError: missing : after property id
JavaScript error: https://unsplash.com/a/en-US/10.077a3a619b81e407edf9.js, line 2: ReferenceError: globalThis is not defined
JavaScript error: https://unsplash.com/a/en-US/9661.b644bb32e7eb72cdb195.js, line 1: SyntaxError: expected expression, got '.'
JavaScript error: https://unsplash.com/a/en-US/main.f97c92d611ebd04c5841.js, line 1: SyntaxError: expected expression, got '.'
1682147832357	geckodriver	INFO	Listening on 127.0.0.1:39885
1682147832366	mozrunner::runner	INFO	Running command: "/usr/bin/firefox" "--marionette" "--headless" "--no-sandbox" "--disable-dev-shm-usage" "--remote-debugging-port" "56869" "-no-remote" "-profile" "/tmp/rust_mozprofileb4plVG"
*** You are running in headless mode.
1682147834677	Marionette	INFO	Listening on port 37873
1682147834741	Marionette	WARN	TLS certificate errors will be ignored for this session
JavaScript error: https://unsplash.com/s/photos/jeep, line 93: ReferenceError: globalThis is not defined
JavaScript error: https://unsplash.com/a/en-US/3125.9880d29344be713cc39b.js, line 1: ReferenceError: globalThis is not defined
JavaScript error: https://unsplash.com/a/en-US/6393.dc179a093efd49bcf901.js, line 1: ReferenceError: globalThis is not defined
JavaScript error: https://unsplash.com/a/en-US/655.af022049d22bb7f923e1.js, line 1: SyntaxError: expected expression, got '.'
JavaScript error: https://unsplash.com/a/en-US/app-nav-main-content.cef3f6419e83fd44c61f.js, line 1: ReferenceError: globalThis is not defined
JavaScript error: https://unsplash.com/a/en-US/9814.6f17438028305219ba41.js, line 1: ReferenceError: globalThis is not defined
JavaScript error: https://unsplash.com/a/en-US/nav-tail-menus.ac12320bfacd568a102c.js, line 1: ReferenceError: globalThis is not defined
JavaScript error: https://unsplash.com/a/en-US/9803.badfc6540910d7ae31d9.js, line 1: ReferenceError: globalThis is not defined
JavaScript error: https://unsplash.com/a/en-US/702.4c6f83a714a30c9d7f13.js, line 1: ReferenceError: globalThis is not defined
JavaScript error: https://unsplash.com/a/en-US/4481.cc096118272f726d9d19.js, line 1: ReferenceError: globalThis is not defined
JavaScript error: https://unsplash.com/a/en-US/search-route.94662e92fe84f20d29bb.js, line 1: ReferenceError: globalThis is not defined
JavaScript error: https://unsplash.com/a/en-US/5360.e52b2d49873d68b2fd9c.js, line 1: SyntaxError: expected expression, got '?'
JavaScript error: https://unsplash.com/a/en-US/2723.50319c97da8940b36512.js, line 1: ReferenceError: globalThis is not defined
JavaScript error: https://unsplash.com/a/en-US/7159.9aafc468e677cb73326c.js, line 1: SyntaxError: expected expression, got '.'
JavaScript error: https://unsplash.com/a/en-US/8842.f2c15767ca2d0ee15da5.js, line 1: ReferenceError: globalThis is not defined
JavaScript error: https://unsplash.com/a/en-US/3366.79d3ee40cb2b62a94083.js, line 1: SyntaxError: expected expression, got '?'
JavaScript error: https://unsplash.com/a/en-US/6469.adefa28ee9ff532c00f5.js, line 1: SyntaxError: expected expression, got '?'
JavaScript error: https://unsplash.com/a/en-US/6766.c980e65e40a5ba2c6017.js, line 1: ReferenceError: globalThis is not defined
JavaScript error: https://unsplash.com/a/en-US/3655.95ac1a55dc68d8e94b8b.js, line 1: ReferenceError: globalThis is not defined
JavaScript error: https://unsplash.com/a/en-US/1481.e770dfd71c07654cc15f.js, line 1: ReferenceError: globalThis is not defined
JavaScript error: https://unsplash.com/a/en-US/search-photos-route.7eaedaef8ae2ac16cec2.js, line 1: ReferenceError: globalThis is not defined
JavaScript error: https://unsplash.com/a/en-US/framework.1544673a046922f6ad4c.js, line 2: ReferenceError: globalThis is not defined
JavaScript error: https://unsplash.com/a/en-US/4459.8ebe65ed43702694c3b3.js, line 2: SyntaxError: missing : after property id
JavaScript error: https://unsplash.com/a/en-US/10.077a3a619b81e407edf9.js, line 2: ReferenceError: globalThis is not defined
JavaScript error: https://unsplash.com/a/en-US/9661.b644bb32e7eb72cdb195.js, line 1: SyntaxError: expected expression, got '.'
JavaScript error: https://unsplash.com/a/en-US/main.f97c92d611ebd04c5841.js, line 1: SyntaxError: expected expression, got '.'
1682147864500	geckodriver	INFO	Listening on 127.0.0.1:47637
1682147864512	mozrunner::runner	INFO	Running command: "/usr/bin/firefox" "--marionette" "--headless" "--no-sandbox" "--disable-dev-shm-usage" "--remote-debugging-port" "50655" "-no-remote" "-profile" "/tmp/rust_mozprofileYmVphU"
*** You are running in headless mode.
1682147866644	Marionette	INFO	Listening on port 36205
1682147866781	Marionette	WARN	TLS certificate errors will be ignored for this session
JavaScript error: https://unsplash.com/s/photos/jeep, line 93: ReferenceError: globalThis is not defined
JavaScript error: https://unsplash.com/a/en-US/3125.9880d29344be713cc39b.js, line 1: ReferenceError: globalThis is not defined
JavaScript error: https://unsplash.com/a/en-US/6393.dc179a093efd49bcf901.js, line 1: ReferenceError: globalThis is not defined
JavaScript error: https://unsplash.com/a/en-US/655.af022049d22bb7f923e1.js, line 1: SyntaxError: expected expression, got '.'
JavaScript error: https://unsplash.com/a/en-US/app-nav-main-content.cef3f6419e83fd44c61f.js, line 1: ReferenceError: globalThis is not defined
JavaScript error: https://unsplash.com/a/en-US/9814.6f17438028305219ba41.js, line 1: ReferenceError: globalThis is not defined
JavaScript error: https://unsplash.com/a/en-US/nav-tail-menus.ac12320bfacd568a102c.js, line 1: ReferenceError: globalThis is not defined
JavaScript error: https://unsplash.com/a/en-US/9803.badfc6540910d7ae31d9.js, line 1: ReferenceError: globalThis is not defined
JavaScript error: https://unsplash.com/a/en-US/702.4c6f83a714a30c9d7f13.js, line 1: ReferenceError: globalThis is not defined
JavaScript error: https://unsplash.com/a/en-US/4481.cc096118272f726d9d19.js, line 1: ReferenceError: globalThis is not defined
JavaScript error: https://unsplash.com/a/en-US/search-route.94662e92fe84f20d29bb.js, line 1: ReferenceError: globalThis is not defined
JavaScript error: https://unsplash.com/a/en-US/5360.e52b2d49873d68b2fd9c.js, line 1: SyntaxError: expected expression, got '?'
JavaScript error: https://unsplash.com/a/en-US/2723.50319c97da8940b36512.js, line 1: ReferenceError: globalThis is not defined
JavaScript error: https://unsplash.com/a/en-US/7159.9aafc468e677cb73326c.js, line 1: SyntaxError: expected expression, got '.'
JavaScript error: https://unsplash.com/a/en-US/8842.f2c15767ca2d0ee15da5.js, line 1: ReferenceError: globalThis is not defined
JavaScript error: https://unsplash.com/a/en-US/3366.79d3ee40cb2b62a94083.js, line 1: SyntaxError: expected expression, got '?'
JavaScript error: https://unsplash.com/a/en-US/6469.adefa28ee9ff532c00f5.js, line 1: SyntaxError: expected expression, got '?'
JavaScript error: https://unsplash.com/a/en-US/6766.c980e65e40a5ba2c6017.js, line 1: ReferenceError: globalThis is not defined
JavaScript error: https://unsplash.com/a/en-US/3655.95ac1a55dc68d8e94b8b.js, line 1: ReferenceError: globalThis is not defined
JavaScript error: https://unsplash.com/a/en-US/1481.e770dfd71c07654cc15f.js, line 1: ReferenceError: globalThis is not defined
JavaScript error: https://unsplash.com/a/en-US/search-photos-route.7eaedaef8ae2ac16cec2.js, line 1: ReferenceError: globalThis is not defined
JavaScript error: https://unsplash.com/a/en-US/framework.1544673a046922f6ad4c.js, line 2: ReferenceError: globalThis is not defined
JavaScript error: https://unsplash.com/a/en-US/4459.8ebe65ed43702694c3b3.js, line 2: SyntaxError: missing : after property id
JavaScript error: https://unsplash.com/a/en-US/10.077a3a619b81e407edf9.js, line 2: ReferenceError: globalThis is not defined
JavaScript error: https://unsplash.com/a/en-US/9661.b644bb32e7eb72cdb195.js, line 1: SyntaxError: expected expression, got '.'
JavaScript error: https://unsplash.com/a/en-US/main.f97c92d611ebd04c5841.js, line 1: SyntaxError: expected expression, got '.'
*** UTM:SVC TimerManager:registerTimer called after profile-before-change notification. Ignoring timer registration for id: telemetry_modules_ping
1682148298945	geckodriver	INFO	Listening on 127.0.0.1:52047
1682148299452	mozrunner::runner	INFO	Running command: "/usr/bin/firefox" "--marionette" "--headless" "--no-sandbox" "--disable-dev-shm-usage" "--remote-debugging-port" "49671" "-no-remote" "-profile" "/tmp/rust_mozprofileS7z82W"
*** You are running in headless mode.
1682148301087	Marionette	INFO	Listening on port 35503
1682148301187	Marionette	WARN	TLS certificate errors will be ignored for this session
JavaScript error: https://unsplash.com/s/photos/jeep, line 93: ReferenceError: globalThis is not defined
JavaScript error: https://unsplash.com/a/en-US/3125.9880d29344be713cc39b.js, line 1: ReferenceError: globalThis is not defined
JavaScript error: https://unsplash.com/a/en-US/6393.dc179a093efd49bcf901.js, line 1: ReferenceError: globalThis is not defined
JavaScript error: https://unsplash.com/a/en-US/655.af022049d22bb7f923e1.js, line 1: SyntaxError: expected expression, got '.'
JavaScript error: https://unsplash.com/a/en-US/app-nav-main-content.cef3f6419e83fd44c61f.js, line 1: ReferenceError: globalThis is not defined
JavaScript error: https://unsplash.com/a/en-US/9814.6f17438028305219ba41.js, line 1: ReferenceError: globalThis is not defined
JavaScript error: https://unsplash.com/a/en-US/nav-tail-menus.ac12320bfacd568a102c.js, line 1: ReferenceError: globalThis is not defined
JavaScript error: https://unsplash.com/a/en-US/9803.badfc6540910d7ae31d9.js, line 1: ReferenceError: globalThis is not defined
JavaScript error: https://unsplash.com/a/en-US/702.4c6f83a714a30c9d7f13.js, line 1: ReferenceError: globalThis is not defined
JavaScript error: https://unsplash.com/a/en-US/4481.cc096118272f726d9d19.js, line 1: ReferenceError: globalThis is not defined
JavaScript error: https://unsplash.com/a/en-US/search-route.94662e92fe84f20d29bb.js, line 1: ReferenceError: globalThis is not defined
JavaScript error: https://unsplash.com/a/en-US/5360.e52b2d49873d68b2fd9c.js, line 1: SyntaxError: expected expression, got '?'
JavaScript error: https://unsplash.com/a/en-US/2723.50319c97da8940b36512.js, line 1: ReferenceError: globalThis is not defined
JavaScript error: https://unsplash.com/a/en-US/7159.9aafc468e677cb73326c.js, line 1: SyntaxError: expected expression, got '.'
JavaScript error: https://unsplash.com/a/en-US/8842.f2c15767ca2d0ee15da5.js, line 1: ReferenceError: globalThis is not defined
JavaScript error: https://unsplash.com/a/en-US/3366.79d3ee40cb2b62a94083.js, line 1: SyntaxError: expected expression, got '?'
JavaScript error: https://unsplash.com/a/en-US/6469.adefa28ee9ff532c00f5.js, line 1: SyntaxError: expected expression, got '?'
JavaScript error: https://unsplash.com/a/en-US/6766.c980e65e40a5ba2c6017.js, line 1: ReferenceError: globalThis is not defined
JavaScript error: https://unsplash.com/a/en-US/3655.95ac1a55dc68d8e94b8b.js, line 1: ReferenceError: globalThis is not defined
JavaScript error: https://unsplash.com/a/en-US/1481.e770dfd71c07654cc15f.js, line 1: ReferenceError: globalThis is not defined
JavaScript error: https://unsplash.com/a/en-US/search-photos-route.7eaedaef8ae2ac16cec2.js, line 1: ReferenceError: globalThis is not defined
JavaScript error: https://unsplash.com/a/en-US/framework.1544673a046922f6ad4c.js, line 2: ReferenceError: globalThis is not defined
JavaScript error: https://unsplash.com/a/en-US/4459.8ebe65ed43702694c3b3.js, line 2: SyntaxError: missing : after property id
JavaScript error: https://unsplash.com/a/en-US/10.077a3a619b81e407edf9.js, line 2: ReferenceError: globalThis is not defined
JavaScript error: https://unsplash.com/a/en-US/9661.b644bb32e7eb72cdb195.js, line 1: SyntaxError: expected expression, got '.'
JavaScript error: https://unsplash.com/a/en-US/main.f97c92d611ebd04c5841.js, line 1: SyntaxError: expected expression, got '.'
*** UTM:SVC TimerManager:registerTimer called after profile-before-change notification. Ignoring timer registration for id: telemetry_modules_ping
1682148412873	geckodriver	INFO	Listening on 127.0.0.1:42571
1682148412879	mozrunner::runner	INFO	Running command: "/usr/bin/firefox" "--marionette" "--headless" "--no-sandbox" "--disable-dev-shm-usage" "--remote-debugging-port" "51785" "-no-remote" "-profile" "/tmp/rust_mozprofileuxwDnH"
*** You are running in headless mode.
1682148414611	Marionette	INFO	Listening on port 42299
1682148414709	Marionette	WARN	TLS certificate errors will be ignored for this session
JavaScript error: https://unsplash.com/s/photos/jeep, line 93: ReferenceError: globalThis is not defined
JavaScript error: https://unsplash.com/a/en-US/3125.9880d29344be713cc39b.js, line 1: ReferenceError: globalThis is not defined
JavaScript error: https://unsplash.com/a/en-US/6393.dc179a093efd49bcf901.js, line 1: ReferenceError: globalThis is not defined
JavaScript error: https://unsplash.com/a/en-US/655.af022049d22bb7f923e1.js, line 1: SyntaxError: expected expression, got '.'
JavaScript error: https://unsplash.com/a/en-US/app-nav-main-content.cef3f6419e83fd44c61f.js, line 1: ReferenceError: globalThis is not defined
JavaScript error: https://unsplash.com/a/en-US/9814.6f17438028305219ba41.js, line 1: ReferenceError: globalThis is not defined
JavaScript error: https://unsplash.com/a/en-US/nav-tail-menus.ac12320bfacd568a102c.js, line 1: ReferenceError: globalThis is not defined
JavaScript error: https://unsplash.com/a/en-US/9803.badfc6540910d7ae31d9.js, line 1: ReferenceError: globalThis is not defined
JavaScript error: https://unsplash.com/a/en-US/702.4c6f83a714a30c9d7f13.js, line 1: ReferenceError: globalThis is not defined
JavaScript error: https://unsplash.com/a/en-US/4481.cc096118272f726d9d19.js, line 1: ReferenceError: globalThis is not defined
JavaScript error: https://unsplash.com/a/en-US/search-route.94662e92fe84f20d29bb.js, line 1: ReferenceError: globalThis is not defined
JavaScript error: https://unsplash.com/a/en-US/5360.e52b2d49873d68b2fd9c.js, line 1: SyntaxError: expected expression, got '?'
JavaScript error: https://unsplash.com/a/en-US/2723.50319c97da8940b36512.js, line 1: ReferenceError: globalThis is not defined
JavaScript error: https://unsplash.com/a/en-US/7159.9aafc468e677cb73326c.js, line 1: SyntaxError: expected expression, got '.'
JavaScript error: https://unsplash.com/a/en-US/8842.f2c15767ca2d0ee15da5.js, line 1: ReferenceError: globalThis is not defined
JavaScript error: https://unsplash.com/a/en-US/3366.79d3ee40cb2b62a94083.js, line 1: SyntaxError: expected expression, got '?'
JavaScript error: https://unsplash.com/a/en-US/6469.adefa28ee9ff532c00f5.js, line 1: SyntaxError: expected expression, got '?'
JavaScript error: https://unsplash.com/a/en-US/6766.c980e65e40a5ba2c6017.js, line 1: ReferenceError: globalThis is not defined
JavaScript error: https://unsplash.com/a/en-US/3655.95ac1a55dc68d8e94b8b.js, line 1: ReferenceError: globalThis is not defined
JavaScript error: https://unsplash.com/a/en-US/1481.e770dfd71c07654cc15f.js, line 1: ReferenceError: globalThis is not defined
JavaScript error: https://unsplash.com/a/en-US/search-photos-route.7eaedaef8ae2ac16cec2.js, line 1: ReferenceError: globalThis is not defined
JavaScript error: https://unsplash.com/a/en-US/framework.1544673a046922f6ad4c.js, line 2: ReferenceError: globalThis is not defined
JavaScript error: https://unsplash.com/a/en-US/4459.8ebe65ed43702694c3b3.js, line 2: SyntaxError: missing : after property id
JavaScript error: https://unsplash.com/a/en-US/10.077a3a619b81e407edf9.js, line 2: ReferenceError: globalThis is not defined
JavaScript error: https://unsplash.com/a/en-US/9661.b644bb32e7eb72cdb195.js, line 1: SyntaxError: expected expression, got '.'
JavaScript error: https://unsplash.com/a/en-US/main.f97c92d611ebd04c5841.js, line 1: SyntaxError: expected expression, got '.'
*** UTM:SVC TimerManager:registerTimer called after profile-before-change notification. Ignoring timer registration for id: telemetry_modules_ping
1682148479692	geckodriver	INFO	Listening on 127.0.0.1:42529
1682148479700	mozrunner::runner	INFO	Running command: "/usr/bin/firefox" "--marionette" "-headless" "--remote-debugging-port" "48435" "-no-remote" "-profile" "/tmp/rust_mozprofile65xQzI"
*** You are running in headless mode.
1682148481435	Marionette	INFO	Listening on port 35117
1682148481521	Marionette	WARN	TLS certificate errors will be ignored for this session
[Parent 36518, Gecko_IOThread] WARNING: pipe error (63): Connection reset by peer: file /builds/worker/workspace/build/src/ipc/chromium/src/chrome/common/ipc_channel_posix.cc, line 353
*** UTM:SVC TimerManager:registerTimer called after profile-before-change notification. Ignoring timer registration for id: telemetry_modules_ping
1682149334986	geckodriver	INFO	Listening on 127.0.0.1:45459
1682149335493	mozrunner::runner	INFO	Running command: "/usr/bin/firefox" "--marionette" "--headless" "--no-sandbox" "--disable-dev-shm-usage" "--remote-debugging-port" "42375" "-no-remote" "-profile" "/tmp/rust_mozprofile7MngyR"
*** You are running in headless mode.
1682149337279	Marionette	INFO	Listening on port 44427
1682149337316	Marionette	WARN	TLS certificate errors will be ignored for this session
JavaScript error: https://unsplash.com/s/photos/jeep, line 93: ReferenceError: globalThis is not defined
JavaScript error: https://unsplash.com/a/en-US/3125.9880d29344be713cc39b.js, line 1: ReferenceError: globalThis is not defined
JavaScript error: https://unsplash.com/a/en-US/6393.dc179a093efd49bcf901.js, line 1: ReferenceError: globalThis is not defined
JavaScript error: https://unsplash.com/a/en-US/655.af022049d22bb7f923e1.js, line 1: SyntaxError: expected expression, got '.'
JavaScript error: https://unsplash.com/a/en-US/app-nav-main-content.cef3f6419e83fd44c61f.js, line 1: ReferenceError: globalThis is not defined
JavaScript error: https://unsplash.com/a/en-US/9814.6f17438028305219ba41.js, line 1: ReferenceError: globalThis is not defined
JavaScript error: https://unsplash.com/a/en-US/nav-tail-menus.ac12320bfacd568a102c.js, line 1: ReferenceError: globalThis is not defined
JavaScript error: https://unsplash.com/a/en-US/9803.badfc6540910d7ae31d9.js, line 1: ReferenceError: globalThis is not defined
JavaScript error: https://unsplash.com/a/en-US/702.4c6f83a714a30c9d7f13.js, line 1: ReferenceError: globalThis is not defined
JavaScript error: https://unsplash.com/a/en-US/4481.cc096118272f726d9d19.js, line 1: ReferenceError: globalThis is not defined
JavaScript error: https://unsplash.com/a/en-US/search-route.94662e92fe84f20d29bb.js, line 1: ReferenceError: globalThis is not defined
JavaScript error: https://unsplash.com/a/en-US/5360.e52b2d49873d68b2fd9c.js, line 1: SyntaxError: expected expression, got '?'
JavaScript error: https://unsplash.com/a/en-US/2723.50319c97da8940b36512.js, line 1: ReferenceError: globalThis is not defined
JavaScript error: https://unsplash.com/a/en-US/7159.9aafc468e677cb73326c.js, line 1: SyntaxError: expected expression, got '.'
JavaScript error: https://unsplash.com/a/en-US/8842.f2c15767ca2d0ee15da5.js, line 1: ReferenceError: globalThis is not defined
JavaScript error: https://unsplash.com/a/en-US/3366.79d3ee40cb2b62a94083.js, line 1: SyntaxError: expected expression, got '?'
JavaScript error: https://unsplash.com/a/en-US/6469.adefa28ee9ff532c00f5.js, line 1: SyntaxError: expected expression, got '?'
JavaScript error: https://unsplash.com/a/en-US/6766.c980e65e40a5ba2c6017.js, line 1: ReferenceError: globalThis is not defined
JavaScript error: https://unsplash.com/a/en-US/3655.95ac1a55dc68d8e94b8b.js, line 1: ReferenceError: globalThis is not defined
JavaScript error: https://unsplash.com/a/en-US/1481.e770dfd71c07654cc15f.js, line 1: ReferenceError: globalThis is not defined
JavaScript error: https://unsplash.com/a/en-US/search-photos-route.7eaedaef8ae2ac16cec2.js, line 1: ReferenceError: globalThis is not defined
JavaScript error: https://unsplash.com/a/en-US/framework.1544673a046922f6ad4c.js, line 2: ReferenceError: globalThis is not defined
JavaScript error: https://unsplash.com/a/en-US/4459.8ebe65ed43702694c3b3.js, line 2: SyntaxError: missing : after property id
JavaScript error: https://unsplash.com/a/en-US/10.077a3a619b81e407edf9.js, line 2: ReferenceError: globalThis is not defined
JavaScript error: https://unsplash.com/a/en-US/9661.b644bb32e7eb72cdb195.js, line 1: SyntaxError: expected expression, got '.'
JavaScript error: https://unsplash.com/a/en-US/main.f97c92d611ebd04c5841.js, line 1: SyntaxError: expected expression, got '.'
1682149467617	geckodriver	INFO	Listening on 127.0.0.1:43299
1682149468125	mozrunner::runner	INFO	Running command: "/usr/bin/firefox" "--marionette" "--headless" "--no-sandbox" "--disable-dev-shm-usage" "--remote-debugging-port" "58787" "-no-remote" "-profile" "/tmp/rust_mozprofile3ZGmtE"
*** You are running in headless mode.
1682149469965	Marionette	INFO	Listening on port 42049
1682149470065	Marionette	WARN	TLS certificate errors will be ignored for this session
JavaScript error: https://unsplash.com/s/photos/jeep, line 93: ReferenceError: globalThis is not defined
JavaScript error: https://unsplash.com/a/en-US/3125.9880d29344be713cc39b.js, line 1: ReferenceError: globalThis is not defined
JavaScript error: https://unsplash.com/a/en-US/6393.dc179a093efd49bcf901.js, line 1: ReferenceError: globalThis is not defined
JavaScript error: https://unsplash.com/a/en-US/655.af022049d22bb7f923e1.js, line 1: SyntaxError: expected expression, got '.'
JavaScript error: https://unsplash.com/a/en-US/app-nav-main-content.cef3f6419e83fd44c61f.js, line 1: ReferenceError: globalThis is not defined
JavaScript error: https://unsplash.com/a/en-US/9814.6f17438028305219ba41.js, line 1: ReferenceError: globalThis is not defined
JavaScript error: https://unsplash.com/a/en-US/nav-tail-menus.ac12320bfacd568a102c.js, line 1: ReferenceError: globalThis is not defined
JavaScript error: https://unsplash.com/a/en-US/9803.badfc6540910d7ae31d9.js, line 1: ReferenceError: globalThis is not defined
JavaScript error: https://unsplash.com/a/en-US/702.4c6f83a714a30c9d7f13.js, line 1: ReferenceError: globalThis is not defined
JavaScript error: https://unsplash.com/a/en-US/4481.cc096118272f726d9d19.js, line 1: ReferenceError: globalThis is not defined
JavaScript error: https://unsplash.com/a/en-US/search-route.94662e92fe84f20d29bb.js, line 1: ReferenceError: globalThis is not defined
JavaScript error: https://unsplash.com/a/en-US/5360.e52b2d49873d68b2fd9c.js, line 1: SyntaxError: expected expression, got '?'
JavaScript error: https://unsplash.com/a/en-US/2723.50319c97da8940b36512.js, line 1: ReferenceError: globalThis is not defined
JavaScript error: https://unsplash.com/a/en-US/7159.9aafc468e677cb73326c.js, line 1: SyntaxError: expected expression, got '.'
JavaScript error: https://unsplash.com/a/en-US/8842.f2c15767ca2d0ee15da5.js, line 1: ReferenceError: globalThis is not defined
JavaScript error: https://unsplash.com/a/en-US/3366.79d3ee40cb2b62a94083.js, line 1: SyntaxError: expected expression, got '?'
JavaScript error: https://unsplash.com/a/en-US/6469.adefa28ee9ff532c00f5.js, line 1: SyntaxError: expected expression, got '?'
JavaScript error: https://unsplash.com/a/en-US/6766.c980e65e40a5ba2c6017.js, line 1: ReferenceError: globalThis is not defined
JavaScript error: https://unsplash.com/a/en-US/3655.95ac1a55dc68d8e94b8b.js, line 1: ReferenceError: globalThis is not defined
JavaScript error: https://unsplash.com/a/en-US/1481.e770dfd71c07654cc15f.js, line 1: ReferenceError: globalThis is not defined
JavaScript error: https://unsplash.com/a/en-US/search-photos-route.7eaedaef8ae2ac16cec2.js, line 1: ReferenceError: globalThis is not defined
JavaScript error: https://unsplash.com/a/en-US/framework.1544673a046922f6ad4c.js, line 2: ReferenceError: globalThis is not defined
JavaScript error: https://unsplash.com/a/en-US/4459.8ebe65ed43702694c3b3.js, line 2: SyntaxError: missing : after property id
JavaScript error: https://unsplash.com/a/en-US/10.077a3a619b81e407edf9.js, line 2: ReferenceError: globalThis is not defined
JavaScript error: https://unsplash.com/a/en-US/9661.b644bb32e7eb72cdb195.js, line 1: SyntaxError: expected expression, got '.'
JavaScript error: https://unsplash.com/a/en-US/main.f97c92d611ebd04c5841.js, line 1: SyntaxError: expected expression, got '.'
1682149623487	geckodriver	INFO	Listening on 127.0.0.1:39441
1682149623500	mozrunner::runner	INFO	Running command: "/usr/bin/firefox" "--marionette" "--headless" "--no-sandbox" "--disable-dev-shm-usage" "--remote-debugging-port" "43509" "-no-remote" "-profile" "/tmp/rust_mozprofileIa1CCS"
*** You are running in headless mode.
1682149625561	Marionette	INFO	Listening on port 35547
1682149625629	Marionette	WARN	TLS certificate errors will be ignored for this session
JavaScript error: https://unsplash.com/s/photos/jeep, line 93: ReferenceError: globalThis is not defined
JavaScript error: https://unsplash.com/a/en-US/3125.9880d29344be713cc39b.js, line 1: ReferenceError: globalThis is not defined
JavaScript error: https://unsplash.com/a/en-US/6393.dc179a093efd49bcf901.js, line 1: ReferenceError: globalThis is not defined
JavaScript error: https://unsplash.com/a/en-US/655.af022049d22bb7f923e1.js, line 1: SyntaxError: expected expression, got '.'
JavaScript error: https://unsplash.com/a/en-US/app-nav-main-content.cef3f6419e83fd44c61f.js, line 1: ReferenceError: globalThis is not defined
JavaScript error: https://unsplash.com/a/en-US/9814.6f17438028305219ba41.js, line 1: ReferenceError: globalThis is not defined
JavaScript error: https://unsplash.com/a/en-US/nav-tail-menus.ac12320bfacd568a102c.js, line 1: ReferenceError: globalThis is not defined
JavaScript error: https://unsplash.com/a/en-US/9803.badfc6540910d7ae31d9.js, line 1: ReferenceError: globalThis is not defined
JavaScript error: https://unsplash.com/a/en-US/702.4c6f83a714a30c9d7f13.js, line 1: ReferenceError: globalThis is not defined
JavaScript error: https://unsplash.com/a/en-US/4481.cc096118272f726d9d19.js, line 1: ReferenceError: globalThis is not defined
JavaScript error: https://unsplash.com/a/en-US/search-route.94662e92fe84f20d29bb.js, line 1: ReferenceError: globalThis is not defined
JavaScript error: https://unsplash.com/a/en-US/5360.e52b2d49873d68b2fd9c.js, line 1: SyntaxError: expected expression, got '?'
JavaScript error: https://unsplash.com/a/en-US/2723.50319c97da8940b36512.js, line 1: ReferenceError: globalThis is not defined
JavaScript error: https://unsplash.com/a/en-US/7159.9aafc468e677cb73326c.js, line 1: SyntaxError: expected expression, got '.'
JavaScript error: https://unsplash.com/a/en-US/8842.f2c15767ca2d0ee15da5.js, line 1: ReferenceError: globalThis is not defined
JavaScript error: https://unsplash.com/a/en-US/3366.79d3ee40cb2b62a94083.js, line 1: SyntaxError: expected expression, got '?'
JavaScript error: https://unsplash.com/a/en-US/6469.adefa28ee9ff532c00f5.js, line 1: SyntaxError: expected expression, got '?'
JavaScript error: https://unsplash.com/a/en-US/6766.c980e65e40a5ba2c6017.js, line 1: ReferenceError: globalThis is not defined
JavaScript error: https://unsplash.com/a/en-US/3655.95ac1a55dc68d8e94b8b.js, line 1: ReferenceError: globalThis is not defined
JavaScript error: https://unsplash.com/a/en-US/1481.e770dfd71c07654cc15f.js, line 1: ReferenceError: globalThis is not defined
JavaScript error: https://unsplash.com/a/en-US/search-photos-route.7eaedaef8ae2ac16cec2.js, line 1: ReferenceError: globalThis is not defined
JavaScript error: https://unsplash.com/a/en-US/framework.1544673a046922f6ad4c.js, line 2: ReferenceError: globalThis is not defined
JavaScript error: https://unsplash.com/a/en-US/4459.8ebe65ed43702694c3b3.js, line 2: SyntaxError: missing : after property id
JavaScript error: https://unsplash.com/a/en-US/10.077a3a619b81e407edf9.js, line 2: ReferenceError: globalThis is not defined
JavaScript error: https://unsplash.com/a/en-US/9661.b644bb32e7eb72cdb195.js, line 1: SyntaxError: expected expression, got '.'
JavaScript error: https://unsplash.com/a/en-US/main.f97c92d611ebd04c5841.js, line 1: SyntaxError: expected expression, got '.'
1682149759990	geckodriver	INFO	Listening on 127.0.0.1:35469
1682149760014	mozrunner::runner	INFO	Running command: "/usr/bin/firefox" "--marionette" "--headless" "--no-sandbox" "--disable-dev-shm-usage" "--remote-debugging-port" "41559" "-no-remote" "-profile" "/tmp/rust_mozprofileBD6bWm"
*** You are running in headless mode.
1682149762855	Marionette	INFO	Listening on port 36943
1682149762939	Marionette	WARN	TLS certificate errors will be ignored for this session
JavaScript error: https://unsplash.com/s/photos/jeep, line 93: ReferenceError: globalThis is not defined
JavaScript error: https://unsplash.com/a/en-US/3125.9880d29344be713cc39b.js, line 1: ReferenceError: globalThis is not defined
JavaScript error: https://unsplash.com/a/en-US/6393.dc179a093efd49bcf901.js, line 1: ReferenceError: globalThis is not defined
JavaScript error: https://unsplash.com/a/en-US/655.af022049d22bb7f923e1.js, line 1: SyntaxError: expected expression, got '.'
JavaScript error: https://unsplash.com/a/en-US/app-nav-main-content.cef3f6419e83fd44c61f.js, line 1: ReferenceError: globalThis is not defined
JavaScript error: https://unsplash.com/a/en-US/9814.6f17438028305219ba41.js, line 1: ReferenceError: globalThis is not defined
JavaScript error: https://unsplash.com/a/en-US/nav-tail-menus.ac12320bfacd568a102c.js, line 1: ReferenceError: globalThis is not defined
JavaScript error: https://unsplash.com/a/en-US/9803.badfc6540910d7ae31d9.js, line 1: ReferenceError: globalThis is not defined
JavaScript error: https://unsplash.com/a/en-US/702.4c6f83a714a30c9d7f13.js, line 1: ReferenceError: globalThis is not defined
JavaScript error: https://unsplash.com/a/en-US/4481.cc096118272f726d9d19.js, line 1: ReferenceError: globalThis is not defined
JavaScript error: https://unsplash.com/a/en-US/search-route.94662e92fe84f20d29bb.js, line 1: ReferenceError: globalThis is not defined
JavaScript error: https://unsplash.com/a/en-US/5360.e52b2d49873d68b2fd9c.js, line 1: SyntaxError: expected expression, got '?'
JavaScript error: https://unsplash.com/a/en-US/2723.50319c97da8940b36512.js, line 1: ReferenceError: globalThis is not defined
JavaScript error: https://unsplash.com/a/en-US/7159.9aafc468e677cb73326c.js, line 1: SyntaxError: expected expression, got '.'
JavaScript error: https://unsplash.com/a/en-US/8842.f2c15767ca2d0ee15da5.js, line 1: ReferenceError: globalThis is not defined
JavaScript error: https://unsplash.com/a/en-US/3366.79d3ee40cb2b62a94083.js, line 1: SyntaxError: expected expression, got '?'
JavaScript error: https://unsplash.com/a/en-US/6469.adefa28ee9ff532c00f5.js, line 1: SyntaxError: expected expression, got '?'
JavaScript error: https://unsplash.com/a/en-US/6766.c980e65e40a5ba2c6017.js, line 1: ReferenceError: globalThis is not defined
JavaScript error: https://unsplash.com/a/en-US/3655.95ac1a55dc68d8e94b8b.js, line 1: ReferenceError: globalThis is not defined
JavaScript error: https://unsplash.com/a/en-US/1481.e770dfd71c07654cc15f.js, line 1: ReferenceError: globalThis is not defined
JavaScript error: https://unsplash.com/a/en-US/search-photos-route.7eaedaef8ae2ac16cec2.js, line 1: ReferenceError: globalThis is not defined
JavaScript error: https://unsplash.com/a/en-US/framework.1544673a046922f6ad4c.js, line 2: ReferenceError: globalThis is not defined
JavaScript error: https://unsplash.com/a/en-US/4459.8ebe65ed43702694c3b3.js, line 2: SyntaxError: missing : after property id
JavaScript error: https://unsplash.com/a/en-US/10.077a3a619b81e407edf9.js, line 2: ReferenceError: globalThis is not defined
JavaScript error: https://unsplash.com/a/en-US/9661.b644bb32e7eb72cdb195.js, line 1: SyntaxError: expected expression, got '.'
JavaScript error: https://unsplash.com/a/en-US/main.f97c92d611ebd04c5841.js, line 1: SyntaxError: expected expression, got '.'
1682149919621	geckodriver	INFO	Listening on 127.0.0.1:44925
1682149920122	mozrunner::runner	INFO	Running command: "/usr/bin/firefox" "--marionette" "--headless" "--no-sandbox" "--disable-dev-shm-usage" "--remote-debugging-port" "53283" "-no-remote" "-profile" "/tmp/rust_mozprofileg3qLNK"
*** You are running in headless mode.
1682149921869	Marionette	INFO	Listening on port 37179
1682149921952	Marionette	WARN	TLS certificate errors will be ignored for this session
JavaScript error: https://unsplash.com/s/photos/jeep, line 93: ReferenceError: globalThis is not defined
JavaScript error: https://unsplash.com/a/en-US/3125.9880d29344be713cc39b.js, line 1: ReferenceError: globalThis is not defined
JavaScript error: https://unsplash.com/a/en-US/6393.dc179a093efd49bcf901.js, line 1: ReferenceError: globalThis is not defined
JavaScript error: https://unsplash.com/a/en-US/655.af022049d22bb7f923e1.js, line 1: SyntaxError: expected expression, got '.'
JavaScript error: https://unsplash.com/a/en-US/app-nav-main-content.cef3f6419e83fd44c61f.js, line 1: ReferenceError: globalThis is not defined
JavaScript error: https://unsplash.com/a/en-US/9814.6f17438028305219ba41.js, line 1: ReferenceError: globalThis is not defined
JavaScript error: https://unsplash.com/a/en-US/nav-tail-menus.ac12320bfacd568a102c.js, line 1: ReferenceError: globalThis is not defined
JavaScript error: https://unsplash.com/a/en-US/9803.badfc6540910d7ae31d9.js, line 1: ReferenceError: globalThis is not defined
JavaScript error: https://unsplash.com/a/en-US/702.4c6f83a714a30c9d7f13.js, line 1: ReferenceError: globalThis is not defined
JavaScript error: https://unsplash.com/a/en-US/4481.cc096118272f726d9d19.js, line 1: ReferenceError: globalThis is not defined
JavaScript error: https://unsplash.com/a/en-US/search-route.94662e92fe84f20d29bb.js, line 1: ReferenceError: globalThis is not defined
JavaScript error: https://unsplash.com/a/en-US/5360.e52b2d49873d68b2fd9c.js, line 1: SyntaxError: expected expression, got '?'
JavaScript error: https://unsplash.com/a/en-US/2723.50319c97da8940b36512.js, line 1: ReferenceError: globalThis is not defined
JavaScript error: https://unsplash.com/a/en-US/7159.9aafc468e677cb73326c.js, line 1: SyntaxError: expected expression, got '.'
JavaScript error: https://unsplash.com/a/en-US/8842.f2c15767ca2d0ee15da5.js, line 1: ReferenceError: globalThis is not defined
JavaScript error: https://unsplash.com/a/en-US/3366.79d3ee40cb2b62a94083.js, line 1: SyntaxError: expected expression, got '?'
JavaScript error: https://unsplash.com/a/en-US/6469.adefa28ee9ff532c00f5.js, line 1: SyntaxError: expected expression, got '?'
JavaScript error: https://unsplash.com/a/en-US/6766.c980e65e40a5ba2c6017.js, line 1: ReferenceError: globalThis is not defined
JavaScript error: https://unsplash.com/a/en-US/3655.95ac1a55dc68d8e94b8b.js, line 1: ReferenceError: globalThis is not defined
JavaScript error: https://unsplash.com/a/en-US/1481.e770dfd71c07654cc15f.js, line 1: ReferenceError: globalThis is not defined
JavaScript error: https://unsplash.com/a/en-US/search-photos-route.7eaedaef8ae2ac16cec2.js, line 1: ReferenceError: globalThis is not defined
JavaScript error: https://unsplash.com/a/en-US/framework.1544673a046922f6ad4c.js, line 2: ReferenceError: globalThis is not defined
JavaScript error: https://unsplash.com/a/en-US/4459.8ebe65ed43702694c3b3.js, line 2: SyntaxError: missing : after property id
JavaScript error: https://unsplash.com/a/en-US/10.077a3a619b81e407edf9.js, line 2: ReferenceError: globalThis is not defined
JavaScript error: https://unsplash.com/a/en-US/9661.b644bb32e7eb72cdb195.js, line 1: SyntaxError: expected expression, got '.'
JavaScript error: https://unsplash.com/a/en-US/main.f97c92d611ebd04c5841.js, line 1: SyntaxError: expected expression, got '.'
1682149994719	geckodriver	INFO	Listening on 127.0.0.1:48235
1682149995224	mozrunner::runner	INFO	Running command: "/usr/bin/firefox" "--marionette" "--headless" "--no-sandbox" "--disable-dev-shm-usage" "--remote-debugging-port" "40969" "-no-remote" "-profile" "/tmp/rust_mozprofileTYig1I"
*** You are running in headless mode.
1682149998697	Marionette	INFO	Listening on port 40363
1682149998878	Marionette	WARN	TLS certificate errors will be ignored for this session
JavaScript error: https://unsplash.com/s/photos/jeep, line 93: ReferenceError: globalThis is not defined
JavaScript error: https://unsplash.com/a/en-US/3125.9880d29344be713cc39b.js, line 1: ReferenceError: globalThis is not defined
JavaScript error: https://unsplash.com/a/en-US/6393.dc179a093efd49bcf901.js, line 1: ReferenceError: globalThis is not defined
JavaScript error: https://unsplash.com/a/en-US/655.af022049d22bb7f923e1.js, line 1: SyntaxError: expected expression, got '.'
JavaScript error: https://unsplash.com/a/en-US/app-nav-main-content.cef3f6419e83fd44c61f.js, line 1: ReferenceError: globalThis is not defined
JavaScript error: https://unsplash.com/a/en-US/9814.6f17438028305219ba41.js, line 1: ReferenceError: globalThis is not defined
JavaScript error: https://unsplash.com/a/en-US/nav-tail-menus.ac12320bfacd568a102c.js, line 1: ReferenceError: globalThis is not defined
JavaScript error: https://unsplash.com/a/en-US/9803.badfc6540910d7ae31d9.js, line 1: ReferenceError: globalThis is not defined
JavaScript error: https://unsplash.com/a/en-US/702.4c6f83a714a30c9d7f13.js, line 1: ReferenceError: globalThis is not defined
JavaScript error: https://unsplash.com/a/en-US/4481.cc096118272f726d9d19.js, line 1: ReferenceError: globalThis is not defined
JavaScript error: https://unsplash.com/a/en-US/search-route.94662e92fe84f20d29bb.js, line 1: ReferenceError: globalThis is not defined
JavaScript error: https://unsplash.com/a/en-US/5360.e52b2d49873d68b2fd9c.js, line 1: SyntaxError: expected expression, got '?'
JavaScript error: https://unsplash.com/a/en-US/2723.50319c97da8940b36512.js, line 1: ReferenceError: globalThis is not defined
JavaScript error: https://unsplash.com/a/en-US/7159.9aafc468e677cb73326c.js, line 1: SyntaxError: expected expression, got '.'
JavaScript error: https://unsplash.com/a/en-US/8842.f2c15767ca2d0ee15da5.js, line 1: ReferenceError: globalThis is not defined
JavaScript error: https://unsplash.com/a/en-US/3366.79d3ee40cb2b62a94083.js, line 1: SyntaxError: expected expression, got '?'
JavaScript error: https://unsplash.com/a/en-US/6469.adefa28ee9ff532c00f5.js, line 1: SyntaxError: expected expression, got '?'
JavaScript error: https://unsplash.com/a/en-US/6766.c980e65e40a5ba2c6017.js, line 1: ReferenceError: globalThis is not defined
JavaScript error: https://unsplash.com/a/en-US/3655.95ac1a55dc68d8e94b8b.js, line 1: ReferenceError: globalThis is not defined
JavaScript error: https://unsplash.com/a/en-US/1481.e770dfd71c07654cc15f.js, line 1: ReferenceError: globalThis is not defined
JavaScript error: https://unsplash.com/a/en-US/search-photos-route.7eaedaef8ae2ac16cec2.js, line 1: ReferenceError: globalThis is not defined
JavaScript error: https://unsplash.com/a/en-US/framework.1544673a046922f6ad4c.js, line 2: ReferenceError: globalThis is not defined
JavaScript error: https://unsplash.com/a/en-US/4459.8ebe65ed43702694c3b3.js, line 2: SyntaxError: missing : after property id
JavaScript error: https://unsplash.com/a/en-US/10.077a3a619b81e407edf9.js, line 2: ReferenceError: globalThis is not defined
JavaScript error: https://unsplash.com/a/en-US/9661.b644bb32e7eb72cdb195.js, line 1: SyntaxError: expected expression, got '.'
JavaScript error: https://unsplash.com/a/en-US/main.f97c92d611ebd04c5841.js, line 1: SyntaxError: expected expression, got '.'
*** UTM:SVC TimerManager:registerTimer called after profile-before-change notification. Ignoring timer registration for id: telemetry_modules_ping
1682150180829	geckodriver	INFO	Listening on 127.0.0.1:51531
1682150181338	mozrunner::runner	INFO	Running command: "/usr/bin/firefox" "--marionette" "--headless" "--no-sandbox" "--disable-dev-shm-usage" "--remote-debugging-port" "59359" "-no-remote" "-profile" "/tmp/rust_mozprofileE8lRhN"
*** You are running in headless mode.
1682150183106	Marionette	INFO	Listening on port 43963
1682150183202	Marionette	WARN	TLS certificate errors will be ignored for this session
JavaScript error: https://unsplash.com/s/photos/jeep, line 93: ReferenceError: globalThis is not defined
JavaScript error: https://unsplash.com/a/en-US/3125.9880d29344be713cc39b.js, line 1: ReferenceError: globalThis is not defined
JavaScript error: https://unsplash.com/a/en-US/6393.dc179a093efd49bcf901.js, line 1: ReferenceError: globalThis is not defined
JavaScript error: https://unsplash.com/a/en-US/655.af022049d22bb7f923e1.js, line 1: SyntaxError: expected expression, got '.'
JavaScript error: https://unsplash.com/a/en-US/app-nav-main-content.cef3f6419e83fd44c61f.js, line 1: ReferenceError: globalThis is not defined
JavaScript error: https://unsplash.com/a/en-US/9814.6f17438028305219ba41.js, line 1: ReferenceError: globalThis is not defined
JavaScript error: https://unsplash.com/a/en-US/nav-tail-menus.ac12320bfacd568a102c.js, line 1: ReferenceError: globalThis is not defined
JavaScript error: https://unsplash.com/a/en-US/9803.badfc6540910d7ae31d9.js, line 1: ReferenceError: globalThis is not defined
JavaScript error: https://unsplash.com/a/en-US/702.4c6f83a714a30c9d7f13.js, line 1: ReferenceError: globalThis is not defined
JavaScript error: https://unsplash.com/a/en-US/4481.cc096118272f726d9d19.js, line 1: ReferenceError: globalThis is not defined
JavaScript error: https://unsplash.com/a/en-US/search-route.94662e92fe84f20d29bb.js, line 1: ReferenceError: globalThis is not defined
JavaScript error: https://unsplash.com/a/en-US/5360.e52b2d49873d68b2fd9c.js, line 1: SyntaxError: expected expression, got '?'
JavaScript error: https://unsplash.com/a/en-US/2723.50319c97da8940b36512.js, line 1: ReferenceError: globalThis is not defined
JavaScript error: https://unsplash.com/a/en-US/7159.9aafc468e677cb73326c.js, line 1: SyntaxError: expected expression, got '.'
JavaScript error: https://unsplash.com/a/en-US/8842.f2c15767ca2d0ee15da5.js, line 1: ReferenceError: globalThis is not defined
JavaScript error: https://unsplash.com/a/en-US/3366.79d3ee40cb2b62a94083.js, line 1: SyntaxError: expected expression, got '?'
JavaScript error: https://unsplash.com/a/en-US/6469.adefa28ee9ff532c00f5.js, line 1: SyntaxError: expected expression, got '?'
JavaScript error: https://unsplash.com/a/en-US/6766.c980e65e40a5ba2c6017.js, line 1: ReferenceError: globalThis is not defined
JavaScript error: https://unsplash.com/a/en-US/3655.95ac1a55dc68d8e94b8b.js, line 1: ReferenceError: globalThis is not defined
JavaScript error: https://unsplash.com/a/en-US/1481.e770dfd71c07654cc15f.js, line 1: ReferenceError: globalThis is not defined
JavaScript error: https://unsplash.com/a/en-US/search-photos-route.7eaedaef8ae2ac16cec2.js, line 1: ReferenceError: globalThis is not defined
JavaScript error: https://unsplash.com/a/en-US/framework.1544673a046922f6ad4c.js, line 2: ReferenceError: globalThis is not defined
JavaScript error: https://unsplash.com/a/en-US/4459.8ebe65ed43702694c3b3.js, line 2: SyntaxError: missing : after property id
JavaScript error: https://unsplash.com/a/en-US/10.077a3a619b81e407edf9.js, line 2: ReferenceError: globalThis is not defined
JavaScript error: https://unsplash.com/a/en-US/9661.b644bb32e7eb72cdb195.js, line 1: SyntaxError: expected expression, got '.'
JavaScript error: https://unsplash.com/a/en-US/main.f97c92d611ebd04c5841.js, line 1: SyntaxError: expected expression, got '.'
*** UTM:SVC TimerManager:registerTimer called after profile-before-change notification. Ignoring timer registration for id: telemetry_modules_ping
[GFX1-]: Receive IPC close with reason=AbnormalShutdown
[Child 38528, Chrome_ChildThread] WARNING: pipe error (3): Connection reset by peer: file /builds/worker/workspace/build/src/ipc/chromium/src/chrome/common/ipc_channel_posix.cc, line 353
[GFX1-]: Receive IPC close with reason=AbnormalShutdown
[Child 35551, Chrome_ChildThread] WARNING: pipe error: Broken pipe: file /builds/worker/workspace/build/src/ipc/chromium/src/chrome/common/ipc_channel_posix.cc, line 709
[GFX1-]: Receive IPC close with reason=AbnormalShutdown
[Child 38450, Chrome_ChildThread] WARNING: pipe error (3): Connection reset by peer: file /builds/worker/workspace/build/src/ipc/chromium/src/chrome/common/ipc_channel_posix.cc, line 353
[Child 37625, Chrome_ChildThread] WARNING: pipe error (3): Connection reset by peer: file /builds/worker/workspace/build/src/ipc/chromium/src/chrome/common/ipc_channel_posix.cc, line 353
[GFX1-]: Receive IPC close with reason=AbnormalShutdown
[GFX1-]: Receive IPC close with reason=AbnormalShutdown
[GFX1-]: Receive IPC close with reason=AbnormalShutdown
[Child 35353, Chrome_ChildThread] WARNING: pipe error (3): Connection reset by peer: file /builds/worker/workspace/build/src/ipc/chromium/src/chrome/common/ipc_channel_posix.cc, line 353
1682162697631	geckodriver	INFO	Listening on 127.0.0.1:40579
1682162698130	mozrunner::runner	INFO	Running command: "/usr/bin/firefox" "--marionette" "--headless" "--no-sandbox" "--disable-dev-shm-usage" "--remote-debugging-port" "36835" "-no-remote" "-profile" "/tmp/rust_mozprofileWIeSOc"
*** You are running in headless mode.
1682162702443	Marionette	INFO	Listening on port 45981
1682162702464	Marionette	WARN	TLS certificate errors will be ignored for this session
JavaScript error: https://unsplash.com/s/photos/jeep, line 93: ReferenceError: globalThis is not defined
JavaScript error: https://unsplash.com/a/en-US/3125.9880d29344be713cc39b.js, line 1: ReferenceError: globalThis is not defined
JavaScript error: https://unsplash.com/a/en-US/6393.dc179a093efd49bcf901.js, line 1: ReferenceError: globalThis is not defined
JavaScript error: https://unsplash.com/a/en-US/655.af022049d22bb7f923e1.js, line 1: SyntaxError: expected expression, got '.'
JavaScript error: https://unsplash.com/a/en-US/app-nav-main-content.cef3f6419e83fd44c61f.js, line 1: ReferenceError: globalThis is not defined
JavaScript error: https://unsplash.com/a/en-US/9814.6f17438028305219ba41.js, line 1: ReferenceError: globalThis is not defined
JavaScript error: https://unsplash.com/a/en-US/nav-tail-menus.ac12320bfacd568a102c.js, line 1: ReferenceError: globalThis is not defined
JavaScript error: https://unsplash.com/a/en-US/9803.badfc6540910d7ae31d9.js, line 1: ReferenceError: globalThis is not defined
JavaScript error: https://unsplash.com/a/en-US/702.4c6f83a714a30c9d7f13.js, line 1: ReferenceError: globalThis is not defined
JavaScript error: https://unsplash.com/a/en-US/4481.cc096118272f726d9d19.js, line 1: ReferenceError: globalThis is not defined
JavaScript error: https://unsplash.com/a/en-US/search-route.94662e92fe84f20d29bb.js, line 1: ReferenceError: globalThis is not defined
JavaScript error: https://unsplash.com/a/en-US/5360.e52b2d49873d68b2fd9c.js, line 1: SyntaxError: expected expression, got '?'
JavaScript error: https://unsplash.com/a/en-US/2723.50319c97da8940b36512.js, line 1: ReferenceError: globalThis is not defined
JavaScript error: https://unsplash.com/a/en-US/7159.9aafc468e677cb73326c.js, line 1: SyntaxError: expected expression, got '.'
JavaScript error: https://unsplash.com/a/en-US/8842.f2c15767ca2d0ee15da5.js, line 1: ReferenceError: globalThis is not defined
JavaScript error: https://unsplash.com/a/en-US/3366.79d3ee40cb2b62a94083.js, line 1: SyntaxError: expected expression, got '?'
JavaScript error: https://unsplash.com/a/en-US/6469.adefa28ee9ff532c00f5.js, line 1: SyntaxError: expected expression, got '?'
JavaScript error: https://unsplash.com/a/en-US/6766.c980e65e40a5ba2c6017.js, line 1: ReferenceError: globalThis is not defined
JavaScript error: https://unsplash.com/a/en-US/3655.95ac1a55dc68d8e94b8b.js, line 1: ReferenceError: globalThis is not defined
JavaScript error: https://unsplash.com/a/en-US/1481.e770dfd71c07654cc15f.js, line 1: ReferenceError: globalThis is not defined
JavaScript error: https://unsplash.com/a/en-US/search-photos-route.7eaedaef8ae2ac16cec2.js, line 1: ReferenceError: globalThis is not defined
JavaScript error: https://unsplash.com/a/en-US/framework.1544673a046922f6ad4c.js, line 2: ReferenceError: globalThis is not defined
JavaScript error: https://unsplash.com/a/en-US/4459.8ebe65ed43702694c3b3.js, line 2: SyntaxError: missing : after property id
JavaScript error: https://unsplash.com/a/en-US/10.077a3a619b81e407edf9.js, line 2: ReferenceError: globalThis is not defined
JavaScript error: https://unsplash.com/a/en-US/9661.b644bb32e7eb72cdb195.js, line 1: SyntaxError: expected expression, got '.'
JavaScript error: https://unsplash.com/a/en-US/main.f97c92d611ebd04c5841.js, line 1: SyntaxError: expected expression, got '.'
*** UTM:SVC TimerManager:registerTimer called after profile-before-change notification. Ignoring timer registration for id: telemetry_modules_ping
1682162988001	geckodriver	INFO	Listening on 127.0.0.1:44949
1682162988550	mozrunner::runner	INFO	Running command: "/usr/bin/firefox" "--marionette" "--headless" "--no-sandbox" "--disable-dev-shm-usage" "--remote-debugging-port" "58933" "-no-remote" "-profile" "/tmp/rust_mozprofilewXnUia"
*** You are running in headless mode.
1682162990991	Marionette	INFO	Listening on port 41037
1682162991076	Marionette	WARN	TLS certificate errors will be ignored for this session
JavaScript error: https://unsplash.com/s/photos/jeep, line 93: ReferenceError: globalThis is not defined
JavaScript error: https://unsplash.com/a/en-US/3125.9880d29344be713cc39b.js, line 1: ReferenceError: globalThis is not defined
JavaScript error: https://unsplash.com/a/en-US/6393.dc179a093efd49bcf901.js, line 1: ReferenceError: globalThis is not defined
JavaScript error: https://unsplash.com/a/en-US/655.af022049d22bb7f923e1.js, line 1: SyntaxError: expected expression, got '.'
JavaScript error: https://unsplash.com/a/en-US/app-nav-main-content.cef3f6419e83fd44c61f.js, line 1: ReferenceError: globalThis is not defined
JavaScript error: https://unsplash.com/a/en-US/9814.6f17438028305219ba41.js, line 1: ReferenceError: globalThis is not defined
JavaScript error: https://unsplash.com/a/en-US/nav-tail-menus.ac12320bfacd568a102c.js, line 1: ReferenceError: globalThis is not defined
JavaScript error: https://unsplash.com/a/en-US/9803.badfc6540910d7ae31d9.js, line 1: ReferenceError: globalThis is not defined
JavaScript error: https://unsplash.com/a/en-US/702.4c6f83a714a30c9d7f13.js, line 1: ReferenceError: globalThis is not defined
JavaScript error: https://unsplash.com/a/en-US/4481.cc096118272f726d9d19.js, line 1: ReferenceError: globalThis is not defined
JavaScript error: https://unsplash.com/a/en-US/search-route.94662e92fe84f20d29bb.js, line 1: ReferenceError: globalThis is not defined
JavaScript error: https://unsplash.com/a/en-US/5360.e52b2d49873d68b2fd9c.js, line 1: SyntaxError: expected expression, got '?'
JavaScript error: https://unsplash.com/a/en-US/2723.50319c97da8940b36512.js, line 1: ReferenceError: globalThis is not defined
JavaScript error: https://unsplash.com/a/en-US/7159.9aafc468e677cb73326c.js, line 1: SyntaxError: expected expression, got '.'
JavaScript error: https://unsplash.com/a/en-US/8842.f2c15767ca2d0ee15da5.js, line 1: ReferenceError: globalThis is not defined
JavaScript error: https://unsplash.com/a/en-US/3366.79d3ee40cb2b62a94083.js, line 1: SyntaxError: expected expression, got '?'
JavaScript error: https://unsplash.com/a/en-US/6469.adefa28ee9ff532c00f5.js, line 1: SyntaxError: expected expression, got '?'
JavaScript error: https://unsplash.com/a/en-US/6766.c980e65e40a5ba2c6017.js, line 1: ReferenceError: globalThis is not defined
JavaScript error: https://unsplash.com/a/en-US/3655.95ac1a55dc68d8e94b8b.js, line 1: ReferenceError: globalThis is not defined
JavaScript error: https://unsplash.com/a/en-US/1481.e770dfd71c07654cc15f.js, line 1: ReferenceError: globalThis is not defined
JavaScript error: https://unsplash.com/a/en-US/search-photos-route.7eaedaef8ae2ac16cec2.js, line 1: ReferenceError: globalThis is not defined
JavaScript error: https://unsplash.com/a/en-US/framework.1544673a046922f6ad4c.js, line 2: ReferenceError: globalThis is not defined
JavaScript error: https://unsplash.com/a/en-US/4459.8ebe65ed43702694c3b3.js, line 2: SyntaxError: missing : after property id
JavaScript error: https://unsplash.com/a/en-US/10.077a3a619b81e407edf9.js, line 2: ReferenceError: globalThis is not defined
JavaScript error: https://unsplash.com/a/en-US/9661.b644bb32e7eb72cdb195.js, line 1: SyntaxError: expected expression, got '.'
JavaScript error: https://unsplash.com/a/en-US/main.f97c92d611ebd04c5841.js, line 1: SyntaxError: expected expression, got '.'
*** UTM:SVC TimerManager:registerTimer called after profile-before-change notification. Ignoring timer registration for id: telemetry_modules_ping
1682163047744	geckodriver	INFO	Listening on 127.0.0.1:39291
1682163048300	mozrunner::runner	INFO	Running command: "/usr/bin/firefox" "--marionette" "--headless" "--no-sandbox" "--disable-dev-shm-usage" "--remote-debugging-port" "43745" "-no-remote" "-profile" "/tmp/rust_mozprofile6d5eG9"
*** You are running in headless mode.
1682163050420	Marionette	INFO	Listening on port 36335
1682163050431	Marionette	WARN	TLS certificate errors will be ignored for this session
JavaScript error: https://unsplash.com/s/photos/jeep, line 93: ReferenceError: globalThis is not defined
JavaScript error: https://unsplash.com/a/en-US/3125.9880d29344be713cc39b.js, line 1: ReferenceError: globalThis is not defined
JavaScript error: https://unsplash.com/a/en-US/6393.dc179a093efd49bcf901.js, line 1: ReferenceError: globalThis is not defined
JavaScript error: https://unsplash.com/a/en-US/655.af022049d22bb7f923e1.js, line 1: SyntaxError: expected expression, got '.'
JavaScript error: https://unsplash.com/a/en-US/app-nav-main-content.cef3f6419e83fd44c61f.js, line 1: ReferenceError: globalThis is not defined
JavaScript error: https://unsplash.com/a/en-US/9814.6f17438028305219ba41.js, line 1: ReferenceError: globalThis is not defined
JavaScript error: https://unsplash.com/a/en-US/nav-tail-menus.ac12320bfacd568a102c.js, line 1: ReferenceError: globalThis is not defined
JavaScript error: https://unsplash.com/a/en-US/9803.badfc6540910d7ae31d9.js, line 1: ReferenceError: globalThis is not defined
JavaScript error: https://unsplash.com/a/en-US/702.4c6f83a714a30c9d7f13.js, line 1: ReferenceError: globalThis is not defined
JavaScript error: https://unsplash.com/a/en-US/4481.cc096118272f726d9d19.js, line 1: ReferenceError: globalThis is not defined
JavaScript error: https://unsplash.com/a/en-US/search-route.94662e92fe84f20d29bb.js, line 1: ReferenceError: globalThis is not defined
JavaScript error: https://unsplash.com/a/en-US/5360.e52b2d49873d68b2fd9c.js, line 1: SyntaxError: expected expression, got '?'
JavaScript error: https://unsplash.com/a/en-US/2723.50319c97da8940b36512.js, line 1: ReferenceError: globalThis is not defined
JavaScript error: https://unsplash.com/a/en-US/7159.9aafc468e677cb73326c.js, line 1: SyntaxError: expected expression, got '.'
JavaScript error: https://unsplash.com/a/en-US/8842.f2c15767ca2d0ee15da5.js, line 1: ReferenceError: globalThis is not defined
JavaScript error: https://unsplash.com/a/en-US/3366.79d3ee40cb2b62a94083.js, line 1: SyntaxError: expected expression, got '?'
JavaScript error: https://unsplash.com/a/en-US/6469.adefa28ee9ff532c00f5.js, line 1: SyntaxError: expected expression, got '?'
JavaScript error: https://unsplash.com/a/en-US/6766.c980e65e40a5ba2c6017.js, line 1: ReferenceError: globalThis is not defined
JavaScript error: https://unsplash.com/a/en-US/3655.95ac1a55dc68d8e94b8b.js, line 1: ReferenceError: globalThis is not defined
JavaScript error: https://unsplash.com/a/en-US/1481.e770dfd71c07654cc15f.js, line 1: ReferenceError: globalThis is not defined
JavaScript error: https://unsplash.com/a/en-US/search-photos-route.7eaedaef8ae2ac16cec2.js, line 1: ReferenceError: globalThis is not defined
JavaScript error: https://unsplash.com/a/en-US/framework.1544673a046922f6ad4c.js, line 2: ReferenceError: globalThis is not defined
JavaScript error: https://unsplash.com/a/en-US/4459.8ebe65ed43702694c3b3.js, line 2: SyntaxError: missing : after property id
JavaScript error: https://unsplash.com/a/en-US/10.077a3a619b81e407edf9.js, line 2: ReferenceError: globalThis is not defined
JavaScript error: https://unsplash.com/a/en-US/9661.b644bb32e7eb72cdb195.js, line 1: SyntaxError: expected expression, got '.'
JavaScript error: https://unsplash.com/a/en-US/main.f97c92d611ebd04c5841.js, line 1: SyntaxError: expected expression, got '.'
*** UTM:SVC TimerManager:registerTimer called after profile-before-change notification. Ignoring timer registration for id: telemetry_modules_ping
